<?xml version="1.0" encoding="UTF-8"?>
<!-- Generated by org.testng.reporters.JUnitReportReporter -->
<testsuite hostname="SyO" failures="0" tests="1" name="Admin.Category.CategoryTestUp" time="28.677" errors="0" timestamp="2025-01-05T21:15:55 GMT+07:00" skipped="0">
  <testcase classname="Admin.Category.CategoryTestUp" name="testCategory" time="28.677"/>
</testsuite> <!-- Admin.Category.CategoryTestUp -->
