<?xml version="1.0" encoding="UTF-8"?>
<!-- Generated by org.testng.reporters.JUnitReportReporter -->
<testsuite hostname="SyO" failures="0" tests="1" name="Admin.Login.LoginTest" time="4.112" errors="0" timestamp="2025-01-16T15:58:00 GMT+07:00" skipped="0">
  <testcase classname="Admin.Login.LoginTest" name="testLogin" time="4.112"/>
</testsuite> <!-- Admin.Login.LoginTest -->
