<?xml version="1.0" encoding="UTF-8"?>
<!-- Generated by org.testng.reporters.JUnitReportReporter -->
<testsuite hostname="SyO" failures="0" tests="1" name="Login.LoginTest" time="4.370" errors="0" timestamp="2024-12-22T15:43:55 GMT+07:00" skipped="0">
  <testcase classname="Login.LoginTest" name="testLogin" time="4.370"/>
</testsuite> <!-- Login.LoginTest -->
