<?xml version="1.0" encoding="UTF-8"?>
<!-- Generated by org.testng.reporters.JUnitReportReporter -->
<testsuite hostname="SyO" failures="0" tests="1" name="Admin.Category.CategoryTestAdd" time="46.151" errors="0" timestamp="2025-01-02T10:27:07 GMT+07:00" skipped="0">
  <testcase classname="Admin.Category.CategoryTestAdd" name="testCategory" time="46.151"/>
</testsuite> <!-- Admin.Category.CategoryTestAdd -->
