<?xml version="1.0" encoding="UTF-8"?>
<!-- Generated by org.testng.reporters.JUnitReportReporter -->
<testsuite hostname="SyO" failures="0" tests="1" name="Admin.Category.CategoryTest" time="29.507" errors="0" timestamp="2025-01-02T10:02:22 GMT+07:00" skipped="0">
  <testcase classname="Admin.Category.CategoryTest" name="testCategory" time="29.507"/>
</testsuite> <!-- Admin.Category.CategoryTest -->
