<?xml version="1.0" encoding="UTF-8"?>
<!-- Generated by org.testng.reporters.JUnitReportReporter -->
<testsuite hostname="SyO" failures="0" tests="1" name="U_Login.U_LoginTest" time="10.633" errors="0" timestamp="2024-12-28T16:44:39 GMT+07:00" skipped="0">
  <testcase classname="U_Login.U_LoginTest" name="testLogin" time="10.633"/>
</testsuite> <!-- U_Login.U_LoginTest -->
