<?xml version="1.0" encoding="UTF-8"?>
<!-- Generated by org.testng.reporters.JUnitReportReporter -->
<testsuite hostname="SyO" failures="0" tests="1" name="Admin.A_Login.A_LoginTest" time="4.252" errors="0" timestamp="2024-12-28T16:58:02 GMT+07:00" skipped="0">
  <testcase classname="Admin.A_Login.A_LoginTest" name="testLogin" time="4.252"/>
</testsuite> <!-- Admin.A_Login.A_LoginTest -->
