<?xml version="1.0" encoding="UTF-8"?>
<!-- Generated by org.testng.reporters.JUnitReportReporter -->
<testsuite hostname="SyO" failures="0" tests="1" name="A_Login.A_LoginTest" time="4.344" errors="0" timestamp="2024-12-23T14:07:47 GMT+07:00" skipped="0">
  <testcase classname="A_Login.A_LoginTest" name="testLogin" time="4.344"/>
</testsuite> <!-- A_Login.A_LoginTest -->
