<?xml version="1.0" encoding="UTF-8"?>
<!-- Generated by org.testng.reporters.JUnitReportReporter -->
<testsuite hostname="SyO" failures="0" tests="1" name="U_Search.SearchTest" time="5.436" errors="0" timestamp="2024-12-22T22:02:20 GMT+07:00" skipped="0">
  <testcase classname="U_Search.SearchTest" name="searchLogin" time="5.436"/>
</testsuite> <!-- U_Search.SearchTest -->
