<?xml version="1.0" encoding="UTF-8"?>
<!-- Generated by org.testng.reporters.JUnitReportReporter -->
<testsuite hostname="SyO" failures="0" tests="1" name="A_Login.LoginTest" time="4.898" errors="0" timestamp="2024-12-23T13:21:31 GMT+07:00" skipped="0">
  <testcase classname="A_Login.LoginTest" name="testLogin" time="4.898"/>
</testsuite> <!-- A_Login.LoginTest -->
