<?xml version="1.0" encoding="UTF-8"?>
<!-- Generated by org.testng.reporters.JUnitReportReporter -->
<testsuite hostname="SyO" failures="0" tests="1" name="U_Login.LoginTest" time="5.410" errors="0" timestamp="2024-12-23T13:16:37 GMT+07:00" skipped="0">
  <testcase classname="U_Login.LoginTest" name="testLogin" time="5.410"/>
</testsuite> <!-- U_Login.LoginTest -->
